2022-02-26 19:02:36.768  INFO 12612 --- [restartedMain] c.basith.TEST.SpringProjectApplication   : Starting SpringProjectApplication using Java 1.8.0_241 on BASITH-ROG with PID 12612 (D:\Project\SpringProject\target\classes started by basit in D:\Project\SpringProject)
2022-02-26 19:02:36.770  INFO 12612 --- [restartedMain] c.basith.TEST.SpringProjectApplication   : No active profile set, falling back to default profiles: default
2022-02-26 19:02:36.889  INFO 12612 --- [restartedMain] .s.d.r.c.RepositoryConfigurationDelegate : Bootstrapping Spring Data JPA repositories in DEFAULT mode.
2022-02-26 19:02:36.896  INFO 12612 --- [restartedMain] .s.d.r.c.RepositoryConfigurationDelegate : Finished Spring Data repository scanning in 7 ms. Found 0 JPA repository interfaces.
2022-02-26 19:02:36.983  INFO 12612 --- [restartedMain] o.s.b.w.embedded.tomcat.TomcatWebServer  : Tomcat initialized with port(s): 8081 (http)
2022-02-26 19:02:36.985  INFO 12612 --- [restartedMain] o.apache.catalina.core.StandardService   : Starting service [Tomcat]
2022-02-26 19:02:36.985  INFO 12612 --- [restartedMain] org.apache.catalina.core.StandardEngine  : Starting Servlet engine: [Apache Tomcat/9.0.56]
2022-02-26 19:02:36.996  INFO 12612 --- [restartedMain] o.a.c.c.C.[Tomcat].[localhost].[/]       : Initializing Spring embedded WebApplicationContext
2022-02-26 19:02:36.997  INFO 12612 --- [restartedMain] w.s.c.ServletWebServerApplicationContext : Root WebApplicationContext: initialization completed in 225 ms
2022-02-26 19:02:37.026  INFO 12612 --- [restartedMain] com.zaxxer.hikari.HikariDataSource       : HikariPool-5 - Starting...
2022-02-26 19:02:37.041  INFO 12612 --- [restartedMain] com.zaxxer.hikari.HikariDataSource       : HikariPool-5 - Start completed.
2022-02-26 19:02:37.044  INFO 12612 --- [restartedMain] o.hibernate.jpa.internal.util.LogHelper  : HHH000204: Processing PersistenceUnitInfo [name: default]
2022-02-26 19:02:37.049  INFO 12612 --- [restartedMain] org.hibernate.dialect.Dialect            : HHH000400: Using dialect: org.hibernate.dialect.Oracle10gDialect
2022-02-26 19:02:37.076  INFO 12612 --- [restartedMain] o.h.e.t.j.p.i.JtaPlatformInitiator       : HHH000490: Using JtaPlatform implementation: [org.hibernate.engine.transaction.jta.platform.internal.NoJtaPlatform]
2022-02-26 19:02:37.077  INFO 12612 --- [restartedMain] j.LocalContainerEntityManagerFactoryBean : Initialized JPA EntityManagerFactory for persistence unit 'default'
2022-02-26 19:02:37.096  WARN 12612 --- [restartedMain] JpaBaseConfiguration$JpaWebConfiguration : spring.jpa.open-in-view is enabled by default. Therefore, database queries may be performed during view rendering. Explicitly configure spring.jpa.open-in-view to disable this warning
2022-02-26 19:02:37.223  INFO 12612 --- [restartedMain] o.s.b.d.a.OptionalLiveReloadServer       : LiveReload server is running on port 35729
2022-02-26 19:02:37.232  INFO 12612 --- [restartedMain] o.s.b.w.embedded.tomcat.TomcatWebServer  : Tomcat started on port(s): 8081 (http) with context path ''
2022-02-26 19:02:37.240  INFO 12612 --- [restartedMain] c.basith.TEST.SpringProjectApplication   : Started SpringProjectApplication in 0.53 seconds (JVM running for 379.385)
2022-02-26 19:02:37.244  INFO 12612 --- [restartedMain] .ConditionEvaluationDeltaLoggingListener : Condition evaluation unchanged
2022-02-26 19:02:49.932  INFO 12612 --- [Thread-23] j.LocalContainerEntityManagerFactoryBean : Closing JPA EntityManagerFactory for persistence unit 'default'
2022-02-26 19:02:49.933  INFO 12612 --- [Thread-23] com.zaxxer.hikari.HikariDataSource       : HikariPool-5 - Shutdown initiated...
2022-02-26 19:02:49.943  INFO 12612 --- [Thread-23] com.zaxxer.hikari.HikariDataSource       : HikariPool-5 - Shutdown completed.
2022-02-26 19:02:50.042  INFO 12612 --- [restartedMain] c.basith.TEST.SpringProjectApplication   : Starting SpringProjectApplication using Java 1.8.0_241 on BASITH-ROG with PID 12612 (D:\Project\SpringProject\target\classes started by basit in D:\Project\SpringProject)
2022-02-26 19:02:50.043  INFO 12612 --- [restartedMain] c.basith.TEST.SpringProjectApplication   : No active profile set, falling back to default profiles: default
2022-02-26 19:02:50.147  INFO 12612 --- [restartedMain] .s.d.r.c.RepositoryConfigurationDelegate : Bootstrapping Spring Data JPA repositories in DEFAULT mode.
2022-02-26 19:02:50.150  INFO 12612 --- [restartedMain] .s.d.r.c.RepositoryConfigurationDelegate : Finished Spring Data repository scanning in 1 ms. Found 0 JPA repository interfaces.
2022-02-26 19:02:50.237  INFO 12612 --- [restartedMain] o.s.b.w.embedded.tomcat.TomcatWebServer  : Tomcat initialized with port(s): 8081 (http)
2022-02-26 19:02:50.238  INFO 12612 --- [restartedMain] o.apache.catalina.core.StandardService   : Starting service [Tomcat]
2022-02-26 19:02:50.239  INFO 12612 --- [restartedMain] org.apache.catalina.core.StandardEngine  : Starting Servlet engine: [Apache Tomcat/9.0.56]
2022-02-26 19:02:50.245  INFO 12612 --- [restartedMain] o.a.c.c.C.[Tomcat].[localhost].[/]       : Initializing Spring embedded WebApplicationContext
2022-02-26 19:02:50.245  INFO 12612 --- [restartedMain] w.s.c.ServletWebServerApplicationContext : Root WebApplicationContext: initialization completed in 199 ms
2022-02-26 19:02:50.263  INFO 12612 --- [restartedMain] com.zaxxer.hikari.HikariDataSource       : HikariPool-6 - Starting...
2022-02-26 19:02:50.274  INFO 12612 --- [restartedMain] com.zaxxer.hikari.HikariDataSource       : HikariPool-6 - Start completed.
2022-02-26 19:02:50.276  INFO 12612 --- [restartedMain] o.hibernate.jpa.internal.util.LogHelper  : HHH000204: Processing PersistenceUnitInfo [name: default]
2022-02-26 19:02:50.279  INFO 12612 --- [restartedMain] org.hibernate.dialect.Dialect            : HHH000400: Using dialect: org.hibernate.dialect.Oracle10gDialect
2022-02-26 19:02:50.294  INFO 12612 --- [restartedMain] o.h.e.t.j.p.i.JtaPlatformInitiator       : HHH000490: Using JtaPlatform implementation: [org.hibernate.engine.transaction.jta.platform.internal.NoJtaPlatform]
2022-02-26 19:02:50.295  INFO 12612 --- [restartedMain] j.LocalContainerEntityManagerFactoryBean : Initialized JPA EntityManagerFactory for persistence unit 'default'
2022-02-26 19:02:50.303  WARN 12612 --- [restartedMain] JpaBaseConfiguration$JpaWebConfiguration : spring.jpa.open-in-view is enabled by default. Therefore, database queries may be performed during view rendering. Explicitly configure spring.jpa.open-in-view to disable this warning
2022-02-26 19:02:50.353  INFO 12612 --- [restartedMain] o.s.b.d.a.OptionalLiveReloadServer       : LiveReload server is running on port 35729
2022-02-26 19:02:50.360  INFO 12612 --- [restartedMain] o.s.b.w.embedded.tomcat.TomcatWebServer  : Tomcat started on port(s): 8081 (http) with context path ''
2022-02-26 19:02:50.362  INFO 12612 --- [restartedMain] c.basith.TEST.SpringProjectApplication   : Started SpringProjectApplication in 0.342 seconds (JVM running for 392.508)
2022-02-26 19:02:50.364  INFO 12612 --- [restartedMain] .ConditionEvaluationDeltaLoggingListener : Condition evaluation unchanged
2022-02-26 19:03:41.882  INFO 12612 --- [Thread-27] j.LocalContainerEntityManagerFactoryBean : Closing JPA EntityManagerFactory for persistence unit 'default'
2022-02-26 19:03:41.883  INFO 12612 --- [Thread-27] com.zaxxer.hikari.HikariDataSource       : HikariPool-6 - Shutdown initiated...
2022-02-26 19:03:41.890  INFO 12612 --- [Thread-27] com.zaxxer.hikari.HikariDataSource       : HikariPool-6 - Shutdown completed.
2022-02-26 19:03:42.005  INFO 12612 --- [restartedMain] c.basith.TEST.SpringProjectApplication   : Starting SpringProjectApplication using Java 1.8.0_241 on BASITH-ROG with PID 12612 (D:\Project\SpringProject\target\classes started by basit in D:\Project\SpringProject)
2022-02-26 19:03:42.006  INFO 12612 --- [restartedMain] c.basith.TEST.SpringProjectApplication   : No active profile set, falling back to default profiles: default
2022-02-26 19:03:42.087  INFO 12612 --- [restartedMain] .s.d.r.c.RepositoryConfigurationDelegate : Bootstrapping Spring Data JPA repositories in DEFAULT mode.
2022-02-26 19:03:42.088  INFO 12612 --- [restartedMain] .s.d.r.c.RepositoryConfigurationDelegate : Finished Spring Data repository scanning in 0 ms. Found 0 JPA repository interfaces.
2022-02-26 19:03:42.148  INFO 12612 --- [restartedMain] o.s.b.w.embedded.tomcat.TomcatWebServer  : Tomcat initialized with port(s): 8081 (http)
2022-02-26 19:03:42.148  INFO 12612 --- [restartedMain] o.apache.catalina.core.StandardService   : Starting service [Tomcat]
2022-02-26 19:03:42.149  INFO 12612 --- [restartedMain] org.apache.catalina.core.StandardEngine  : Starting Servlet engine: [Apache Tomcat/9.0.56]
2022-02-26 19:03:42.154  INFO 12612 --- [restartedMain] o.a.c.c.C.[Tomcat].[localhost].[/]       : Initializing Spring embedded WebApplicationContext
2022-02-26 19:03:42.155  INFO 12612 --- [restartedMain] w.s.c.ServletWebServerApplicationContext : Root WebApplicationContext: initialization completed in 148 ms
2022-02-26 19:03:42.171  INFO 12612 --- [restartedMain] com.zaxxer.hikari.HikariDataSource       : HikariPool-7 - Starting...
2022-02-26 19:03:42.181  INFO 12612 --- [restartedMain] com.zaxxer.hikari.HikariDataSource       : HikariPool-7 - Start completed.
2022-02-26 19:03:42.183  INFO 12612 --- [restartedMain] o.hibernate.jpa.internal.util.LogHelper  : HHH000204: Processing PersistenceUnitInfo [name: default]
2022-02-26 19:03:42.185  INFO 12612 --- [restartedMain] org.hibernate.dialect.Dialect            : HHH000400: Using dialect: org.hibernate.dialect.Oracle10gDialect
2022-02-26 19:03:42.198  INFO 12612 --- [restartedMain] o.h.e.t.j.p.i.JtaPlatformInitiator       : HHH000490: Using JtaPlatform implementation: [org.hibernate.engine.transaction.jta.platform.internal.NoJtaPlatform]
2022-02-26 19:03:42.199  INFO 12612 --- [restartedMain] j.LocalContainerEntityManagerFactoryBean : Initialized JPA EntityManagerFactory for persistence unit 'default'
2022-02-26 19:03:42.207  WARN 12612 --- [restartedMain] JpaBaseConfiguration$JpaWebConfiguration : spring.jpa.open-in-view is enabled by default. Therefore, database queries may be performed during view rendering. Explicitly configure spring.jpa.open-in-view to disable this warning
2022-02-26 19:03:42.255  INFO 12612 --- [restartedMain] o.s.b.d.a.OptionalLiveReloadServer       : LiveReload server is running on port 35729
2022-02-26 19:03:42.261  INFO 12612 --- [restartedMain] o.s.b.w.embedded.tomcat.TomcatWebServer  : Tomcat started on port(s): 8081 (http) with context path ''
2022-02-26 19:03:42.263  INFO 12612 --- [restartedMain] c.basith.TEST.SpringProjectApplication   : Started SpringProjectApplication in 0.272 seconds (JVM running for 444.409)
2022-02-26 19:03:42.264  INFO 12612 --- [restartedMain] .ConditionEvaluationDeltaLoggingListener : Condition evaluation unchanged
2022-02-26 19:05:50.245  INFO 12612 --- [RMI TCP Connection(14)-127.0.0.1] inMXBeanRegistrar$SpringApplicationAdmin : Application shutdown requested.
2022-02-26 19:05:50.386  INFO 12612 --- [RMI TCP Connection(14)-127.0.0.1] j.LocalContainerEntityManagerFactoryBean : Closing JPA EntityManagerFactory for persistence unit 'default'
2022-02-26 19:05:50.387  INFO 12612 --- [RMI TCP Connection(14)-127.0.0.1] com.zaxxer.hikari.HikariDataSource       : HikariPool-7 - Shutdown initiated...
2022-02-26 19:05:50.399  INFO 12612 --- [RMI TCP Connection(14)-127.0.0.1] com.zaxxer.hikari.HikariDataSource       : HikariPool-7 - Shutdown completed.
2022-02-26 19:06:00.573  INFO 10480 --- [restartedMain] c.basith.TEST.SpringProjectApplication   : Starting SpringProjectApplication using Java 1.8.0_241 on BASITH-ROG with PID 10480 (D:\Project\SpringProject\target\classes started by basit in D:\Project\SpringProject)
2022-02-26 19:06:00.574  INFO 10480 --- [restartedMain] c.basith.TEST.SpringProjectApplication   : No active profile set, falling back to default profiles: default
2022-02-26 19:06:00.609  INFO 10480 --- [restartedMain] .e.DevToolsPropertyDefaultsPostProcessor : Devtools property defaults active! Set 'spring.devtools.add-properties' to 'false' to disable
2022-02-26 19:06:00.609  INFO 10480 --- [restartedMain] .e.DevToolsPropertyDefaultsPostProcessor : For additional web related logging consider setting the 'logging.level.web' property to 'DEBUG'
2022-02-26 19:06:01.111  INFO 10480 --- [restartedMain] .s.d.r.c.RepositoryConfigurationDelegate : Bootstrapping Spring Data JPA repositories in DEFAULT mode.
2022-02-26 19:06:01.125  INFO 10480 --- [restartedMain] .s.d.r.c.RepositoryConfigurationDelegate : Finished Spring Data repository scanning in 4 ms. Found 0 JPA repository interfaces.
2022-02-26 19:06:01.606  INFO 10480 --- [restartedMain] o.s.b.w.embedded.tomcat.TomcatWebServer  : Tomcat initialized with port(s): 8081 (http)
2022-02-26 19:06:01.616  INFO 10480 --- [restartedMain] o.apache.catalina.core.StandardService   : Starting service [Tomcat]
2022-02-26 19:06:01.616  INFO 10480 --- [restartedMain] org.apache.catalina.core.StandardEngine  : Starting Servlet engine: [Apache Tomcat/9.0.56]
2022-02-26 19:06:01.687  INFO 10480 --- [restartedMain] o.a.c.c.C.[Tomcat].[localhost].[/]       : Initializing Spring embedded WebApplicationContext
2022-02-26 19:06:01.687  INFO 10480 --- [restartedMain] w.s.c.ServletWebServerApplicationContext : Root WebApplicationContext: initialization completed in 1078 ms
2022-02-26 19:06:01.835  INFO 10480 --- [restartedMain] com.zaxxer.hikari.HikariDataSource       : HikariPool-1 - Starting...
2022-02-26 19:06:02.332  INFO 10480 --- [restartedMain] com.zaxxer.hikari.HikariDataSource       : HikariPool-1 - Start completed.
2022-02-26 19:06:02.426  INFO 10480 --- [restartedMain] o.hibernate.jpa.internal.util.LogHelper  : HHH000204: Processing PersistenceUnitInfo [name: default]
2022-02-26 19:06:02.518  INFO 10480 --- [restartedMain] org.hibernate.Version                    : HHH000412: Hibernate ORM core version 5.6.4.Final
2022-02-26 19:06:02.761  INFO 10480 --- [restartedMain] o.hibernate.annotations.common.Version   : HCANN000001: Hibernate Commons Annotations {5.1.2.Final}
2022-02-26 19:06:02.903  INFO 10480 --- [restartedMain] org.hibernate.dialect.Dialect            : HHH000400: Using dialect: org.hibernate.dialect.Oracle10gDialect
2022-02-26 19:06:03.626  INFO 10480 --- [restartedMain] o.h.e.t.j.p.i.JtaPlatformInitiator       : HHH000490: Using JtaPlatform implementation: [org.hibernate.engine.transaction.jta.platform.internal.NoJtaPlatform]
2022-02-26 19:06:03.713  INFO 10480 --- [restartedMain] j.LocalContainerEntityManagerFactoryBean : Initialized JPA EntityManagerFactory for persistence unit 'default'
2022-02-26 19:06:03.750  WARN 10480 --- [restartedMain] JpaBaseConfiguration$JpaWebConfiguration : spring.jpa.open-in-view is enabled by default. Therefore, database queries may be performed during view rendering. Explicitly configure spring.jpa.open-in-view to disable this warning
2022-02-26 19:06:04.022  INFO 10480 --- [restartedMain] o.s.b.d.a.OptionalLiveReloadServer       : LiveReload server is running on port 35729
2022-02-26 19:06:04.043  INFO 10480 --- [restartedMain] o.s.b.w.embedded.tomcat.TomcatWebServer  : Tomcat started on port(s): 8081 (http) with context path ''
2022-02-26 19:06:04.191  INFO 10480 --- [restartedMain] c.basith.TEST.SpringProjectApplication   : Started SpringProjectApplication in 3.869 seconds (JVM running for 4.524)
2022-02-26 19:07:14.452  INFO 10480 --- [RMI TCP Connection(3)-127.0.0.1] inMXBeanRegistrar$SpringApplicationAdmin : Application shutdown requested.
2022-02-26 19:07:14.614  INFO 10480 --- [RMI TCP Connection(3)-127.0.0.1] j.LocalContainerEntityManagerFactoryBean : Closing JPA EntityManagerFactory for persistence unit 'default'
2022-02-26 19:07:14.616  INFO 10480 --- [RMI TCP Connection(3)-127.0.0.1] com.zaxxer.hikari.HikariDataSource       : HikariPool-1 - Shutdown initiated...
2022-02-26 19:07:14.624  INFO 10480 --- [RMI TCP Connection(3)-127.0.0.1] com.zaxxer.hikari.HikariDataSource       : HikariPool-1 - Shutdown completed.
2022-02-26 19:07:20.757  INFO 22036 --- [restartedMain] c.basith.TEST.SpringProjectApplication   : Starting SpringProjectApplication using Java 1.8.0_241 on BASITH-ROG with PID 22036 (D:\Project\SpringProject\target\classes started by basit in D:\Project\SpringProject)
2022-02-26 19:07:20.758  INFO 22036 --- [restartedMain] c.basith.TEST.SpringProjectApplication   : No active profile set, falling back to default profiles: default
2022-02-26 19:07:20.796  INFO 22036 --- [restartedMain] .e.DevToolsPropertyDefaultsPostProcessor : Devtools property defaults active! Set 'spring.devtools.add-properties' to 'false' to disable
2022-02-26 19:07:20.797  INFO 22036 --- [restartedMain] .e.DevToolsPropertyDefaultsPostProcessor : For additional web related logging consider setting the 'logging.level.web' property to 'DEBUG'
2022-02-26 19:07:21.235  INFO 22036 --- [restartedMain] .s.d.r.c.RepositoryConfigurationDelegate : Bootstrapping Spring Data JPA repositories in DEFAULT mode.
2022-02-26 19:07:21.244  INFO 22036 --- [restartedMain] .s.d.r.c.RepositoryConfigurationDelegate : Finished Spring Data repository scanning in 3 ms. Found 0 JPA repository interfaces.
2022-02-26 19:07:21.632  INFO 22036 --- [restartedMain] o.s.b.w.embedded.tomcat.TomcatWebServer  : Tomcat initialized with port(s): 8081 (http)
2022-02-26 19:07:21.649  INFO 22036 --- [restartedMain] o.apache.catalina.core.StandardService   : Starting service [Tomcat]
2022-02-26 19:07:21.650  INFO 22036 --- [restartedMain] org.apache.catalina.core.StandardEngine  : Starting Servlet engine: [Apache Tomcat/9.0.56]
2022-02-26 19:07:21.711  INFO 22036 --- [restartedMain] o.a.c.c.C.[Tomcat].[localhost].[/]       : Initializing Spring embedded WebApplicationContext
2022-02-26 19:07:21.711  INFO 22036 --- [restartedMain] w.s.c.ServletWebServerApplicationContext : Root WebApplicationContext: initialization completed in 914 ms
2022-02-26 19:07:21.841  INFO 22036 --- [restartedMain] com.zaxxer.hikari.HikariDataSource       : HikariPool-1 - Starting...
2022-02-26 19:07:22.285  INFO 22036 --- [restartedMain] com.zaxxer.hikari.HikariDataSource       : HikariPool-1 - Start completed.
2022-02-26 19:07:22.339  INFO 22036 --- [restartedMain] o.hibernate.jpa.internal.util.LogHelper  : HHH000204: Processing PersistenceUnitInfo [name: default]
2022-02-26 19:07:22.379  INFO 22036 --- [restartedMain] org.hibernate.Version                    : HHH000412: Hibernate ORM core version 5.6.4.Final
2022-02-26 19:07:22.526  INFO 22036 --- [restartedMain] o.hibernate.annotations.common.Version   : HCANN000001: Hibernate Commons Annotations {5.1.2.Final}
2022-02-26 19:07:22.631  INFO 22036 --- [restartedMain] org.hibernate.dialect.Dialect            : HHH000400: Using dialect: org.hibernate.dialect.Oracle10gDialect
2022-02-26 19:07:23.190  INFO 22036 --- [restartedMain] o.h.e.t.j.p.i.JtaPlatformInitiator       : HHH000490: Using JtaPlatform implementation: [org.hibernate.engine.transaction.jta.platform.internal.NoJtaPlatform]
2022-02-26 19:07:23.269  INFO 22036 --- [restartedMain] j.LocalContainerEntityManagerFactoryBean : Initialized JPA EntityManagerFactory for persistence unit 'default'
2022-02-26 19:07:23.300  WARN 22036 --- [restartedMain] JpaBaseConfiguration$JpaWebConfiguration : spring.jpa.open-in-view is enabled by default. Therefore, database queries may be performed during view rendering. Explicitly configure spring.jpa.open-in-view to disable this warning
2022-02-26 19:07:23.536  INFO 22036 --- [restartedMain] o.s.b.d.a.OptionalLiveReloadServer       : LiveReload server is running on port 35729
2022-02-26 19:07:23.693  INFO 22036 --- [restartedMain] o.s.b.w.embedded.tomcat.TomcatWebServer  : Tomcat started on port(s): 8081 (http) with context path ''
2022-02-26 19:07:23.702  INFO 22036 --- [restartedMain] c.basith.TEST.SpringProjectApplication   : Started SpringProjectApplication in 3.207 seconds (JVM running for 3.866)
2022-02-26 19:07:55.265  INFO 22036 --- [http-nio-8081-exec-2] o.a.c.c.C.[Tomcat].[localhost].[/]       : Initializing Spring DispatcherServlet 'dispatcherServlet'
2022-02-26 19:07:55.266  INFO 22036 --- [http-nio-8081-exec-2] o.s.web.servlet.DispatcherServlet        : Initializing Servlet 'dispatcherServlet'
2022-02-26 19:07:55.267  INFO 22036 --- [http-nio-8081-exec-2] o.s.web.servlet.DispatcherServlet        : Completed initialization in 1 ms
2022-02-26 19:07:55.354  INFO 22036 --- [http-nio-8081-exec-2] com.basith.TEST.sample.TestAPI           : ERROR OCCURRED
2022-02-26 19:18:34.088  INFO 22036 --- [RMI TCP Connection(13)-127.0.0.1] inMXBeanRegistrar$SpringApplicationAdmin : Application shutdown requested.
2022-02-26 19:18:34.463  INFO 22036 --- [RMI TCP Connection(13)-127.0.0.1] j.LocalContainerEntityManagerFactoryBean : Closing JPA EntityManagerFactory for persistence unit 'default'
2022-02-26 19:18:34.470  INFO 22036 --- [RMI TCP Connection(13)-127.0.0.1] com.zaxxer.hikari.HikariDataSource       : HikariPool-1 - Shutdown initiated...
2022-02-26 19:18:34.485  INFO 22036 --- [RMI TCP Connection(13)-127.0.0.1] com.zaxxer.hikari.HikariDataSource       : HikariPool-1 - Shutdown completed.
